Build started 12/6/2017 3:23:20 PM.
     1>Project "C:\Users\IQBAL\Documents\Visual Studio 2013\Projects\Echolon_solver\Echolon_solver\Echolon_solver.vcxproj" on node 2 (Build target(s)).
     1>ClCompile:
         C:\Program Files (x86)\Microsoft Visual Studio 12.0\VC\bin\CL.exe /c /Zi /nologo /W3 /WX- /sdl /O2 /Oi /Oy- /GL /D WIN32 /D _WINDOWS /D NDEBUG /D _UNICODE /D UNICODE /D _AFXDLL /Gm- /EHsc /MD /GS /Gy /fp:precise /Zc:wchar_t /Zc:forScope /Yc"stdafx.h" /Fp"Release\Echolon_solver.pch" /Fo"Release\\" /Fd"Release\vc120.pdb" /Gd /TP /analyze- /errorReport:prompt stdafx.cpp
         stdafx.cpp
         C:\Program Files (x86)\Microsoft Visual Studio 12.0\VC\bin\CL.exe /c /Zi /nologo /W3 /WX- /sdl /O2 /Oi /Oy- /GL /D WIN32 /D _WINDOWS /D NDEBUG /D _UNICODE /D UNICODE /D _AFXDLL /Gm- /EHsc /MD /GS /Gy /fp:precise /Zc:wchar_t /Zc:forScope /Yu"stdafx.h" /Fp"Release\Echolon_solver.pch" /Fo"Release\\" /Fd"Release\vc120.pdb" /Gd /TP /analyze- /errorReport:prompt Echolon_solver.cpp Echolon_solverDlg.cpp
         Echolon_solver.cpp
         Echolon_solverDlg.cpp
     1>Echolon_solverDlg.cpp(35): warning C4804: '<' : unsafe use of type 'bool' in operation
     1>Echolon_solverDlg.cpp(53): warning C4804: '<' : unsafe use of type 'bool' in operation
     1>Echolon_solverDlg.cpp(67): warning C4804: '<' : unsafe use of type 'bool' in operation
     1>Echolon_solverDlg.cpp(257): warning C4244: '=' : conversion from 'double' to 'float', possible loss of data
     1>Echolon_solverDlg.cpp(258): warning C4244: '=' : conversion from 'double' to 'float', possible loss of data
     1>Echolon_solverDlg.cpp(259): warning C4244: '=' : conversion from 'double' to 'float', possible loss of data
     1>Echolon_solverDlg.cpp(260): warning C4244: '=' : conversion from 'double' to 'float', possible loss of data
     1>Echolon_solverDlg.cpp(261): warning C4244: '=' : conversion from 'double' to 'float', possible loss of data
     1>Echolon_solverDlg.cpp(262): warning C4244: '=' : conversion from 'double' to 'float', possible loss of data
     1>Echolon_solverDlg.cpp(263): warning C4244: '=' : conversion from 'double' to 'float', possible loss of data
     1>Echolon_solverDlg.cpp(264): warning C4244: '=' : conversion from 'double' to 'float', possible loss of data
     1>Echolon_solverDlg.cpp(265): warning C4244: '=' : conversion from 'double' to 'float', possible loss of data
     1>Echolon_solverDlg.cpp(266): warning C4244: '=' : conversion from 'double' to 'float', possible loss of data
     1>Echolon_solverDlg.cpp(267): warning C4244: '=' : conversion from 'double' to 'float', possible loss of data
     1>Echolon_solverDlg.cpp(268): warning C4244: '=' : conversion from 'double' to 'float', possible loss of data
       ResourceCompile:
         C:\Program Files (x86)\Windows Kits\8.1\bin\x86\rc.exe /D NDEBUG /D _UNICODE /D UNICODE /D _AFXDLL /l"0x0409" /IRelease\ /nologo /fo"Release\Echolon_solver.res" Echolon_solver.rc 
       Link:
         C:\Program Files (x86)\Microsoft Visual Studio 12.0\VC\bin\link.exe /ERRORREPORT:PROMPT /OUT:"C:\Users\IQBAL\Documents\Visual Studio 2013\Projects\Echolon_solver\Release\Echolon_solver.exe" /INCREMENTAL:NO /NOLOGO /MANIFEST /MANIFESTUAC:"level='asInvoker' uiAccess='false'" /manifest:embed /manifestinput:"C:\Program Files (x86)\Microsoft Visual Studio 12.0\VC\Include\Manifest\dpiaware.manifest" /DEBUG /PDB:"C:\Users\IQBAL\Documents\Visual Studio 2013\Projects\Echolon_solver\Release\Echolon_solver.pdb" /SUBSYSTEM:WINDOWS /OPT:REF /OPT:ICF /LTCG /TLBID:1 /ENTRY:"wWinMainCRTStartup" /DYNAMICBASE /NXCOMPAT /IMPLIB:"C:\Users\IQBAL\Documents\Visual Studio 2013\Projects\Echolon_solver\Release\Echolon_solver.lib" /MACHINE:X86 /SAFESEH Release\Echolon_solver.res
         Release\Echolon_solver.obj
         Release\Echolon_solverDlg.obj
         Release\stdafx.obj
         Generating code
         Finished generating code
         Echolon_solver.vcxproj -> C:\Users\IQBAL\Documents\Visual Studio 2013\Projects\Echolon_solver\Release\Echolon_solver.exe
     1>Done Building Project "C:\Users\IQBAL\Documents\Visual Studio 2013\Projects\Echolon_solver\Echolon_solver\Echolon_solver.vcxproj" (Build target(s)).

Build succeeded.

Time Elapsed 00:00:17.88
